<?xml version="1.0" encoding="UTF-8"?>
<testsuite xmlns:xsi="http://www.w3.org/2001/XMLSchema-instance" xsi:noNamespaceSchemaLocation="https://maven.apache.org/surefire/maven-surefire-plugin/xsd/surefire-test-report.xsd" name="HangmanGameTest" time="0" tests="5" errors="0" skipped="0" failures="0">
  <properties>
[...]
</properties>
  <testcase name="constructorTest" classname="HangmanGameTest" time="0"/>
  <testcase name="pickInvalidCategory" classname="HangmanGameTest" time="0"/>
  <testcase name="pickCategoryTest" classname="HangmanGameTest" time="0"/>
  <testcase name="startRoundTest" classname="HangmanGameTest" time="0"/>
  <testcase name="gameWonTest" classname="HangmanGameTest" time="0"/>
</testsuite>